<?xml version="1.0" encoding="UTF-8"?>
<testsuite xmlns:xsi="http://www.w3.org/2001/XMLSchema-instance" xsi:noNamespaceSchemaLocation="https://maven.apache.org/surefire/maven-surefire-plugin/xsd/surefire-test-report.xsd" name="com.example.gestacao.TestesCalculadoraIdadeGestacional" time="0.061" tests="11" errors="0" skipped="0" failures="0">
  <properties>
[...]
</properties>
  <testcase name="testBetaHcgNegative" classname="com.example.gestacao.TestesCalculadoraIdadeGestacional" time="0.031"/>
  <testcase name="testBetaHcg5Semanas" classname="com.example.gestacao.TestesCalculadoraIdadeGestacional" time="0"/>
  <testcase name="testBetaHcg25a40Semanas" classname="com.example.gestacao.TestesCalculadoraIdadeGestacional" time="0.001"/>
  <testcase name="testBetaHcg7a8Semanas" classname="com.example.gestacao.TestesCalculadoraIdadeGestacional" time="0.001"/>
  <testcase name="testBetaHcgOutOfRange" classname="com.example.gestacao.TestesCalculadoraIdadeGestacional" time="0.006"/>
  <testcase name="testBetaHcg3Semanas" classname="com.example.gestacao.TestesCalculadoraIdadeGestacional" time="0.001"/>
  <testcase name="testBetaHcg9a12Semanas" classname="com.example.gestacao.TestesCalculadoraIdadeGestacional" time="0.001"/>
  <testcase name="testBetaHcg6Semanas" classname="com.example.gestacao.TestesCalculadoraIdadeGestacional" time="0"/>
  <testcase name="testBetaHcg13a16Semanas" classname="com.example.gestacao.TestesCalculadoraIdadeGestacional" time="0.001"/>
  <testcase name="testBetaHcg4Semanas" classname="com.example.gestacao.TestesCalculadoraIdadeGestacional" time="0.001"/>
  <testcase name="testBetaHcg17a24Semanas" classname="com.example.gestacao.TestesCalculadoraIdadeGestacional" time="0.001"/>
</testsuite>